Calc Visual KalmanGain (fast ver), 
0.040998,
0.018688,
0.042293,
0.025941,
0.032388,
0.018628,
0.027162,
0.015571,
0.03154,
0.016841,
0.028975,
0.016198,
0.048846,
0.026301,
0.045743,
0.021352,
0.045395,
0.017062,
0.029863,
0.01727,
0.033917,
0.017909,
0.037469,
0.020162,
0.037498,
0.017785,
0.04783,
0.020348,
0.034098,
0.0213,
0.03715,
0.0167,
0.02679,
0.021981,
0.028542,
0.020582,
0.031722,
0.021456,
0.045917,
0.017899,
0.031397,
0.01747,
0.038695,
0.017817,
0.036235,
0.024514,
0.028505,
0.016275,
0.033964,
0.016948,
0.030075,
0.018087,
0.039516,
0.03023,
0.03069,
0.019787,
0.033852,
0.023416,
0.025468,
0.019056,
0.030554,
0.017651,
0.049964,
0.025589,
0.200182,
0.027582,
0.055016,
0.025814,
0.024723,
0.01856,
0.042083,
0.027039,
0.028328,
0.015771,
0.037979,
0.016203,
0.034402,
0.017109,
0.040177,
0.016353,
0.047082,
0.017195,
0.027313,
0.014652,
0.029713,
0.015581,
0.037646,
0.02356,
0.038636,
0.016177,
0.031182,
0.023341,
0.039907,
0.018292,
0.03338,
0.014887,
0.027799,
0.019048,
0.041717,
0.016004,
0.03744,
0.015155,
0.027927,
0.017954,
0.030469,
0.015016,
0.029093,
0.019004,
0.025703,
0.017532,
0.031658,
0.017004,
0.063391,
0.035426,
0.033144,
0.019168,
0.046825,
0.022238,
0.039012,
0.025334,
0.031794,
0.020415,
0.030539,
0.020371,
0.041743,
0.026924,
0.040158,
0.019971,
0.026171,
0.014347,
0.028186,
0.014213,
0.039808,
0.018576,
0.031743,
0.017675,
0.034685,
0.036528,
0.032982,
0.020132,
0.038373,
0.023249,
0.027287,
0.0152,
0.039109,
0.026233,
0.040656,
0.023386,
0.030427,
0.040728,
0.051954,
0.025319,
0.02917,
0.017525,
0.03638,
0.019901,
0.029184,
0.015507,
0.027584,
0.016364,
