Calc Visual KalmanGain (slow ver), 
1.66995,
1.51638,
1.63358,
1.40905,
1.29,
2.00115,
1.86427,
1.2335,
2.25834,
2.38056,
2.17784,
2.67352,
2.3902,
2.48038,
5.312,
3.59588,
28.6349,
2.2613,
1.72373,
17.4357,
4.26752,
3.91424,
3.21442,
1.62366,
2.99939,
2.87714,
3.06343,
2.38686,
5.04679,
2.64546,
6.51408,
12.0452,
2.18269,
23.8971,
26.2429,
8.04924,
7.97593,
2.03575,
29.7411,
1.99458,
1.7407,
2.19163,
1.38263,
1.25012,
1.83713,
1.65221,
2.75083,
1.99279,
4.13563,
2.36794,
1.41773,
1.12399,
1.19756,
1.92376,
1.12885,
1.09524,
1.06455,
0.971296,
1.3492,
1.45099,
1.70065,
2.49187,
1.71429,
2.00277,
0.883857,
0.820764,
1.7201,
1.2897,
1.19059,
2.653,
2.33434,
1.45377,
1.64192,
1.08189,
1.15145,
2.59631,
2.31543,
1.46485,
1.97299,
1.32825,
1.0533,
0.753176,
1.67141,
1.29794,
0.643514,
0.610012,
0.671489,
0.927256,
0.92266,
0.904188,
1.04282,
1.02514,
0.568209,
0.520097,
1.02804,
1.4393,
0.739736,
0.6043,
1.67121,
1.622,
1.40263,
1.08924,
0.942989,
0.744422,
0.682105,
0.793161,
0.757242,
0.563138,
0.440244,
0.851779,
0.723378,
0.953037,
0.831444,
1.3146,
1.18308,
2.14469,
1.99529,
1.33246,
0.94501,
2.10098,
6.08247,
1.99429,
1.90546,
3.37318,
2.29628,
1.68026,
1.77426,
1.51391,
1.13832,
1.12197,
0.887073,
2.56414,
0.947107,
0.973522,
1.4448,
1.29473,
1.045,
0.972496,
1.85025,
1.2474,
1.56623,
1.09299,
0.797356,
0.808164,
1.20933,
1.06527,
2.35608,
2.22661,
2.11292,
2.48942,
1.057,
0.955953,
1.22365,
1.11573,
1.59556,
1.58254,
2.2057,
1.52039,
3.75186,
1.43966,
2.53933,
1.15743,
1.90749,
1.17483,
1.12159,
3.09933,
1.966,
1.86375,
1.7565,
1.62965,
2.3913,
2.30258,
2.04197,
1.83525,
0.977559,
0.937273,
1.28841,
0.966539,
0.86657,
0.872542,
0.739751,
1.04696,
0.908252,
0.638027,
0.566997,
0.922516,
0.990461,
1.73459,
1.4311,
1.59257,
1.41931,
1.95178,
2.04461,
3.5133,
1.97906,
3.46518,
2.31613,
2.25645,
1.93142,
2.55171,
2.92681,
1.77537,
1.38085,
1.38592,
1.58478,
1.45667,
1.6144,
2.39577,
2.88386,
2.61898,
1.89937,
33.3712,
2.31761,
7.73958,
3.75701,
1.7614,
1.96771,
2.39768,
2.36081,
2.36003,
2.2643,
2.69951,
16.0291,
3.75406,
37.279,
21.3612,
2.21269,
13.0457,
39.0085,
1.86267,
2.28742,
2.24095,
2.31831,
40.1969,
23.8544,
6.37915,
22.3865,
23.6198,
6.20635,
12.754,
58.0925,
86.6973,
8.30723,
8.51593,
13.1005,
3.97203,
12.1521,
5.50717,
33.2098,
2.56186,
11.4726,
19.3786,
38.5687,
25.0422,
18.5594,
4.81849,
25.9088,
20.2362,
3.90302,
15.3673,
15.2261,
29.0086,
10.008,
36.2755,
39.8546,
74.1786,
74.9305,
4.25963,
7.94212,
34.0773,
13.4147,
23.7881,
2.2186,
1.59558,
1.89181,
1.51545,
0.755717,
1.02283,
1.05297,
1.24869,
1.13569,
2.79744,
3.51256,
1.60472,
2.58984,
1.6447,
2.07808,
5.10814,
2.40564,
2.1762,
2.53292,
43.5327,
16.9436,
35.3771,
5.07249,
2.24355,
3.87927,
2.03472,
3.2375,
3.15565,
2.18655,
1.44118,
2.07458,
1.96196,
2.17938,
1.49733,
2.4756,
2.38029,
1.4375,
2.33829,
4.22174,
3.55073,
2.83303,
13.404,
2.98423,
3.28672,
27.109,
2.21684,
16.6176,
2.70321,
34.9849,
25.0144,
2.50991,
2.80549,
2.06755,
4.09043,
28.6584,
8.79105,
3.81133,
2.26814,
2.74113,
2.23836,
4.12262,
2.00287,
2.73354,
1.91936,
1.39672,
1.65361,
8.69151,
2.3678,
7.43581,
20.1468,
2.47196,
29.5271,
1.87053,
4.21035,
2.38436,
2.61055,
9.89099,
3.22334,
1.72966,
3.61328,
2.3665,
2.86413,
3.37959,
3.00976,
1.88018,
1.80574,
4.42732,
3.64663,
6.43404,
2.43559,
1.44838,
1.97442,
2.08402,
0.950692,
1.01587,
1.18612,
1.03127,
1.3611,
1.29408,
1.42395,
1.32192,
1.10488,
1.01254,
0.998103,
1.47218,
1.40446,
1.22856,
1.66607,
1.67843,
2.05093,
1.29842,
1.05814,
1.4953,
1.18044,
1.05568,
2.61797,
2.93605,
3.10638,
2.14188,
1.69097,
2.98799,
2.66623,
1.73497,
1.38908,
2.0401,
3.47907,
3.43121,
3.23041,
2.07199,
1.87696,
3.48427,
3.64029,
11.173,
2.08827,
6.12411,
1.79493,
6.97596,
2.29358,
4.44994,
2.26387,
16.7792,
2.67755,
2.09139,
2.00262,
11.6523,
6.81326,
8.38927,
2.71633,
9.17171,
3.26139,
3.60293,
19.3574,
12.2384,
2.29357,
2.13374,
6.46077,
1.81933,
9.85683,
1.96575,
1.79665,
1.48169,
3.18172,
3.17539,
1.83011,
1.72692,
4.23847,
2.3474,
9.23482,
2.58168,
2.20463,
2.40671,
2.96933,
2.55534,
2.39551,
4.38862,
2.44726,
2.31419,
5.039,
3.98722,
2.44793,
3.41595,
2.69959,
2.03181,
1.83759,
6.76715,
2.77121,
2.88311,
12.3434,
2.11979,
2.24295,
2.33236,
2.30737,
2.65798,
4.23713,
4.55298,
9.60293,
4.51829,
3.46156,
1.408,
5.34423,
1.16059,
12.8282,
4.52372,
8.59768,
3.42402,
2.31459,
37.3905,
1.93786,
1.79836,
3.8882,
29.3229,
2.42796,
2.57397,
2.88104,
10.7907,
3.98212,
2.53947,
8.09326,
2.06437,
7.17918,
15.0205,
4.05912,
2.47826,
15.099,
5.29978,
2.82113,
2.63888,
1.684,
1.95708,
3.99267,
2.3271,
2.67321,
2.50247,
1.54247,
1.2803,
4.92694,
1.51743,
7.15142,
1.02365,
0.945631,
1.52353,
1.07636,
0.926051,
2.19366,
1.87485,
1.53753,
1.43765,
1.3691,
1.34767,
1.49248,
1.5037,
5.44421,
1.10875,
1.50601,
1.30601,
1.55434,
1.39319,
2.12034,
1.79726,
1.96694,
1.78137,
1.72175,
1.50426,
1.32562,
2.99144,
6.89766,
2.95787,
1.6621,
1.29792,
1.12018,
1.23944,
1.43585,
1.40375,
1.14671,
1.08206,
1.01501,
0.923716,
3.79775,
3.01909,
2.78322,
4.6898,
2.25349,
1.84806,
1.78314,
2.14862,
4.59471,
4.18259,
2.49483,
11.084,
2.47709,
1.64016,
9.76999,
7.7545,
18.0136,
2.22757,
2.09874,
11.2019,
1.9812,
10.0334,
14.1291,
3.09431,
2.81048,
1.54861,
1.51961,
1.29479,
1.6462,
1.80573,
1.13767,
1.04469,
0.943054,
1.44129,
1.37551,
1.62316,
1.37555,
0.890743,
1.16841,
1.60891,
1.3188,
1.44677,
1.88806,
7.40978,
2.45699,
1.53097,
9.88709,
1.67145,
1.39392,
1.62768,
2.17064,
1.55654,
1.09978,
1.02674,
0.807719,
1.62751,
1.38618,
1.31912,
1.93641,
1.82661,
8.42643,
1.563,
2.45761,
1.6192,
1.51382,
1.60873,
1.31981,
1.29289,
1.25381,
1.63733,
1.35762,
0.947023,
0.899651,
0.944743,
0.635116,
0.802015,
0.998737,
1.29175,
1.22739,
2.30853,
1.49535,
1.95617,
2.90323,
27.5025,
13.9563,
1.87219,
1.75468,
1.73217,
1.58283,
16.7301,
42.666,
8.64445,
3.43409,
0.908147,
0.812577,
1.64237,
1.40177,
1.40469,
1.31464,
2.64111,
2.20864,
3.4362,
1.27675,
2.77405,
2.65291,
2.26983,
10.0777,
2.74371,
23.6336,
2.07076,
2.63662,
2.08444,
6.61023,
1.65952,
1.95067,
1.36857,
2.00936,
1.78985,
1.53641,
1.53661,
2.66088,
3.96845,
2.45731,
1.53971,
1.51644,
13.6491,
11.7244,
1.98207,
12.5376,
11.9975,
2.12505,
1.79383,
3.83526,
2.96595,
2.54678,
2.82083,
2.02795,
1.6753,
1.39852,
52.3572,
4.85948,
7.92825,
1.87707,
2.0728,
11.808,
2.85038,
7.81907,
13.5053,
13.4242,
4.12226,
1.57801,
5.06444,
2.33044,
2.17385,
8.42497,
1.73636,
1.70881,
2.04949,
2.04518,
2.0122,
7.99161,
6.12235,
2.84871,
2.44341,
3.72567,
3.38357,
3.06485,
1.26926,
4.97447,
2.7821,
1.7165,
2.54091,
2.76593,
1.13652,
2.20029,
2.40433,
2.17695,
1.70166,
3.12076,
6.84544,
11.0851,
2.88889,
1.18572,
1.01861,
1.79476,
1.67117,
2.08838,
1.24723,
1.09618,
1.58903,
2.5616,
2.32079,
1.44278,
1.267,
1.14427,
2.11534,
2.09922,
1.85316,
3.58467,
1.81673,
1.65928,
4.21217,
19.7349,
1.85262,
6.57568,
1.88304,
10.6512,
1.91254,
1.40429,
3.27642,
1.91741,
1.68819,
1.55718,
1.89778,
2.54213,
1.15793,
9.29412,
1.73682,
5.75669,
3.34407,
2.62023,
2.31262,
37.8107,
3.27606,
3.12437,
2.09651,
4.05299,
1.61328,
1.6668,
3.83464,
11.377,
2.35712,
13.7226,
2.10787,
1.88031,
2.51737,
2.5626,
2.18045,
2.43922,
4.90275,
35.4849,
10.7802,
3.16362,
2.57865,
1.65889,
3.41548,
4.04923,
2.36235,
3.76697,
2.27856,
1.27517,
1.17007,
3.65396,
1.96248,
1.89687,
1.0413,
1.63215,
1.52302,
2.76403,
3.33588,
3.61552,
1.40043,
1.29455,
2.13679,
1.4246,
2.34116,
2.39453,
1.50302,
2.6673,
2.50732,
1.807,
1.79407,
1.30585,
0.933874,
0.861792,
1.17199,
1.01551,
1.83495,
1.29901,
1.42179,
1.39234,
1.35135,
1.29614,
1.19429,
1.33346,
1.24772,
0.999805,
0.949608,
1.68941,
1.53798,
1.12405,
1.35763,
0.993155,
1.07493,
1.4294,
1.86465,
1.11162,
1.18462,
2.08381,
1.46498,
1.7911,
1.11316,
1.09248,
0.888769,
0.970695,
2.00487,
1.85083,
2.13179,
1.31286,
2.5993,
1.35162,
1.31359,
1.19708,
3.80701,
1.39671,
1.29488,
0.873217,
0.728677,
1.38602,
1.25011,
1.81358,
1.73112,
0.98437,
0.924798,
1.41526,
1.45208,
1.30782,
1.38414,
1.24958,
1.67273,
1.61546,
1.26486,
1.21327,
1.52039,
1.38201,
1.23561,
1.15342,
1.0732,
1.35008,
1.73724,
1.63816,
1.81241,
1.52393,
1.21496,
1.10175,
0.7568,
0.686723,
1.51493,
1.37988,
1.66043,
2.20553,
2.52542,
1.99528,
0.972661,
0.84723,
0.977618,
0.98884,
0.965938,
1.5277,
0.941697,
0.768243,
0.4743,
0.38966,
1.08886,
0.933741,
0.780757,
0.676231,
1.12453,
0.936244,
0.903981,
1.16689,
0.884584,
0.674252,
0.56388,
0.7184,
0.655892,
1.47953,
1.12202,
1.21139,
1.10245,
1.51826,
0.779826,
1.44731,
1.43605,
1.1338,
1.07845,
0.864524,
0.80364,
1.88745,
1.62851,
1.43411,
1.4005,
1.07303,
1.01464,
1.20583,
0.96646,
1.14157,
0.770066,
0.6778,
0.759297,
0.731735,
0.905152,
0.520555,
0.439363,
0.482099,
0.449798,
0.712019,
0.602549,
0.947901,
1.08945,
0.753886,
0.736395,
6.8885,
1.75274,
1.27163,
24.0797,
2.39646,
2.26397,
2.14292,
2.13788,
1.58798,
1.92614,
1.75856,
1.73212,
1.33963,
1.54244,
1.35403,
1.28037,
2.00145,
2.13423,
1.99854,
1.55768,
1.38459,
1.68779,
1.41952,
3.71184,
4.06005,
3.17093,
1.09041,
1.65127,
1.63214,
1.14409,
2.00728,
1.19635,
1.09078,
0.694502,
0.633197,
0.976389,
1.71761,
1.09606,
1.03551,
1.83957,
1.35651,
0.736304,
0.770224,
1.48159,
1.10266,
1.35852,
0.746621,
0.879707,
1.51045,
1.33278,
1.31589,
1.10914,
1.38292,
1.28546,
1.51679,
1.19563,
1.19374,
1.06979,
1.47405,
1.19443,
0.655837,
0.584547,
0.935671,
0.909702,
0.717281,
0.676351,
1.32536,
1.00455,
0.657002,
0.721583,
0.533961,
0.944603,
0.704548,
1.60176,
1.65904,
0.879979,
1.05799,
1.42282,
1.32793,
1.04173,
1.01472,
0.592066,
0.498794,
0.584627,
0.515635,
0.49173,
0.673508,
0.685887,
1.05797,
0.380366,
0.302767,
0.246074,
0.708954,
0.664289,
0.665085,
0.551509,
0.666792,
0.63507,
1.08407,
1.42299,
0.724182,
0.602927,
0.922645,
0.837427,
1.42502,
1.17198,
1.36134,
1.35339,
1.77471,
0.568087,
0.920453,
0.878172,
1.11228,
0.925832,
1.28164,
1.2726,
1.46585,
1.33788,
1.38658,
1.31936,
0.775116,
0.74087,
0.988114,
0.755509,
1.0261,
0.843718,
0.558072,
0.482857,
0.631255,
0.604871,
1.73282,
1.93411,
2.01015,
1.32718,
0.638209,
0.494671,
1.05514,
0.616213,
0.83264,
0.723953,
0.849694,
0.811262,
0.999845,
0.633112,
1.47254,
1.41956,
1.81206,
1.24759,
1.24231,
1.25829,
1.22132,
0.777632,
0.717068,
1.0806,
0.751501,
1.36069,
1.31544,
1.418,
1.08188,
0.891318,
1.28774,
0.974755,
0.960086,
0.836689,
0.76515,
1.25375,
1.29537,
0.862134,
0.737527,
1.98209,
2.85718,
2.32128,
2.0306,
1.16729,
1.75049,
1.61401,
2.80736,
2.16537,
11.8951,
20.7083,
1.67148,
1.63802,
1.56144,
1.94144,
1.59429,
7.12765,
1.19148,
1.0632,
0.903706,
0.841043,
1.21164,
0.990502,
0.892612,
0.805008,
1.44067,
1.03648,
0.900558,
1.87444,
2.23228,
1.35108,
1.32014,
1.15052,
1.09413,
1.08755,
0.839306,
0.759938,
1.80311,
1.8097,
1.85833,
0.883772,
0.809387,
1.51103,
1.38307,
0.82316,
0.901679,
0.852413,
0.6057,
0.555932,
0.615837,
0.574482,
1.0436,
0.944767,
0.708596,
1.06096,
1.03579,
0.738075,
0.722733,
0.740742,
0.678681,
1.03326,
1.26151,
1.37234,
1.38695,
0.888216,
0.629719,
1.0082,
0.929383,
0.898742,
0.864916,
1.82651,
1.83335,
0.929384,
0.696336,
0.621141,
0.410983,
0.498358,
0.468305,
0.971766,
0.877094,
0.64283,
0.568908,
1.22657,
1.15169,
1.22052,
1.20022,
1.03224,
1.00949,
1.06845,
0.866879,
0.859092,
0.843252,
0.954034,
0.906365,
0.66513,
0.699304,
0.727566,
0.691493,
0.659676,
0.634864,
0.864515,
0.826036,
0.777532,
0.926138,
1.25469,
1.3743,
1.15321,
1.10096,
1.07756,
0.597103,
0.522852,
0.639423,
1.34619,
0.563297,
1.06583,
0.907189,
1.21422,
1.22823,
0.602819,
0.501624,
0.71659,
0.603152,
1.95337,
4.42628,
4.45459,
1.25854,
2.24222,
3.43682,
1.11775,
1.1706,
0.933866,
1.12041,
0.873703,
1.22401,
1.18032,
1.06595,
1.00848,
1.32451,
1.13811,
0.624438,
0.563345,
0.5901,
0.644903,
2.03513,
2.24794,
1.64347,
1.24395,
0.65593,
0.61997,
0.561252,
0.573109,
1.72705,
0.727747,
0.604843,
0.731873,
0.96771,
0.952621,
1.13704,
1.24112,
0.992827,
0.949667,
0.714966,
0.735572,
0.847539,
0.86166,
0.716989,
1.12485,
1.12153,
0.913618,
0.928465,
0.945404,
0.928041,
1.10254,
1.41876,
0.931689,
1.09023,
0.741227,
0.670799,
0.516956,
0.611273,
0.401672,
0.640158,
0.628141,
0.311098,
0.293354,
0.296672,
0.390191,
0.304864,
0.387033,
0.390311,
0.595079,
0.584831,
0.86683,
0.918634,
0.860925,
1.02525,
0.982481,
1.50301,
1.23524,
1.35489,
1.09096,
0.811231,
1.10101,
1.04338,
1.56356,
1.15845,
1.74828,
1.71103,
1.39952,
0.940859,
3.38399,
3.14304,
1.87803,
1.34766,
1.25215,
0.93892,
0.903166,
0.986106,
0.915784,
1.39958,
1.37143,
2.04239,
2.00381,
2.41517,
2.6575,
5.04784,
1.32368,
1.1986,
1.33034,
1.1235,
1.01905,
1.34333,
1.42241,
0.821881,
2.38225,
1.88911,
1.12378,
1.05457,
1.54779,
1.0216,
1.01241,
0.893678,
0.912844,
0.509885,
0.457191,
0.856002,
0.795316,
0.852104,
0.840828,
1.02044,
0.963353,
1.00861,
0.939985,
0.834768,
0.499109,
0.647448,
0.669276,
1.04411,
0.84128,
0.82573,
0.459232,
0.357664,
0.340872,
0.24791,
0.198086,
0.522138,
0.575083,
0.594202,
0.555544,
0.80984,
0.773846,
1.13936,
0.803063,
1.97642,
1.69671,
1.4807,
1.97609,
1.84933,
1.26468,
0.84231,
0.920951,
1.49203,
1.1026,
1.2132,
1.26286,
2.01853,
2.00509,
1.58461,
1.41224,
1.79898,
1.97767,
1.01989,
1.29202,
0.573514,
0.465342,
0.523338,
0.48706,
1.01756,
0.915412,
0.818583,
0.724895,
0.71338,
0.937337,
0.736814,
0.923997,
0.750022,
0.694543,
0.663873,
1.1786,
0.684279,
0.693195,
0.731589,
0.628277,
1.07543,
0.884041,
0.752989,
0.735186,
0.853255,
0.778709,
1.0428,
1.63485,
0.843885,
0.712023,
0.590166,
0.529563,
0.363279,
0.315806,
0.327571,
0.27666,
1.62705,
1.55676,
1.56792,
1.06315,
0.925948,
0.86531,
0.868277,
0.78038,
0.93143,
0.752776,
0.904269,
1.04091,
1.0069,
1.23848,
0.673937,
1.37382,
1.32977,
0.883689,
0.554791,
0.52766,
0.496619,
0.594332,
1.0361,
0.911383,
0.609973,
0.758439,
0.617084,
0.878629,
0.770243,
0.705013,
0.478176,
0.422265,
1.13689,
1.01518,
0.990202,
1.00419,
1.02302,
1.0596,
0.976684,
0.456861,
0.399958,
0.56032,
0.660259,
1.00032,
0.826399,
1.03081,
0.956516,
0.796373,
0.815359,
0.754275,
0.868785,
0.834285,
0.954867,
1.07336,
0.833907,
0.760869,
0.597058,
0.532903,
0.245364,
0.195539,
0.441005,
0.4444,
0.94845,
0.804556,
0.790025,
0.650274,
0.608182,
0.498142,
0.477153,
0.651219,
0.520982,
0.997926,
0.736592,
0.64216,
0.624397,
0.784987,
0.716224,
0.27527,
0.230583,
0.810598,
0.674684,
0.730913,
0.666831,
0.813198,
0.753512,
0.468179,
0.367312,
0.982871,
0.690461,
0.650912,
0.644908,
0.629571,
0.730277,
0.648128,
0.291292,
0.259019,
0.336299,
0.2549,
0.342855,
0.332806,
0.539268,
0.488018,
0.742895,
0.761293,
0.738972,
0.682834,
0.890886,
0.800512,
0.88685,
0.813212,
0.764428,
0.731594,
0.470099,
0.393695,
0.571175,
0.607916,
0.67511,
0.65894,
0.596249,
0.551967,
0.617139,
0.597903,
0.454466,
0.448404,
0.517422,
0.499511,
0.735605,
0.725928,
0.485929,
0.449746,
0.424936,
0.405074,
0.691339,
0.724923,
0.845569,
1.28173,
1.21342,
0.746313,
0.668957,
0.589335,
0.589298,
0.982855,
0.931225,
0.196915,
0.23912,
0.950131,
1.00438,
0.675495,
0.66933,
0.428955,
0.432515,
0.278878,
0.252654,
0.608397,
0.496609,
0.44,
0.313019,
0.266125,
0.824178,
0.826634,
0.295431,
0.260068,
0.573875,
0.564336,
0.436092,
0.414845,
0.548172,
0.510792,
0.587577,
0.692914,
0.569199,
0.512086,
0.708263,
0.596373,
1.07044,
1.24384,
0.676049,
0.624464,
0.826195,
0.826757,
1.07466,
0.963858,
1.35883,
1.10855,
1.02414,
1.13425,
1.78942,
1.83589,
5.51377,
0.829128,
0.753668,
0.826199,
0.730456,
1.35383,
1.23532,
0.685777,
0.756414,
2.01912,
2.07241,
1.66566,
5.40389,
1.48456,
1.43965,
2.29849,
1.99153,
1.16563,
1.52586,
1.34999,
0.957088,
0.983021,
0.848296,
1.60422,
3.0561,
1.63491,
1.59043,
1.20363,
1.21495,
0.764151,
0.841337,
1.18409,
1.14584,
0.941184,
0.894307,
1.3731,
1.41434,
0.538625,
0.529584,
0.691823,
0.635493,
1.02826,
0.392901,
0.350724,
0.608766,
0.542733,
1.26925,
0.86271,
1.19744,
1.09637,
0.745523,
0.69935,
0.874872,
0.841159,
1.33633,
1.23207,
0.848998,
0.828893,
0.594182,
0.559413,
0.63721,
0.62355,
1.03632,
1.01675,
0.590001,
1.08761,
0.750812,
0.800293,
0.757785,
0.784666,
1.07738,
1.02786,
0.666906,
0.629614,
0.723139,
0.677681,
0.727505,
0.493478,
0.839789,
0.550675,
0.479318,
0.552829,
0.468572,
0.600562,
0.380444,
0.719634,
0.668078,
0.598208,
0.724828,
0.713067,
0.716935,
0.689457,
0.751795,
0.573433,
1.35049,
1.30703,
0.98716,
0.786943,
0.387162,
0.296992,
0.363632,
0.298831,
0.926553,
0.960469,
1.38223,
0.671809,
0.745575,
0.834349,
0.463892,
0.36853,
1.16706,
1.03492,
1.04089,
1.04068,
1.33919,
1.30447,
2.22493,
1.30879,
1.03767,
0.983956,
1.13583,
0.982752,
0.943783,
0.777472,
1.20658,
1.18241,
1.34346,
1.16189,
1.56616,
0.70093,
1.46019,
1.33556,
1.21968,
1.08769,
1.6032,
1.01455,
1.21414,
1.00625,
3.0287,
2.25901,
1.95202,
1.57575,
1.63538,
15.242,
2.14119,
1.29789,
5.35457,
1.871,
1.44017,
2.83537,
1.74147,
1.25242,
1.13039,
0.975172,
3.60636,
6.83145,
1.32424,
5.63389,
1.78433,
1.79713,
2.02436,
1.45037,
2.5868,
1.51609,
3.39761,
2.05102,
1.86071,
1.69372,
5.231,
1.48096,
1.27266,
2.32301,
6.55387,
1.49671,
2.57423,
1.64831,
2.25823,
2.09238,
4.26883,
0.815126,
0.747258,
1.20488,
1.40476,
1.36717,
2.1483,
1.53041,
1.33301,
1.74293,
1.27262,
1.1887,
6.38886,
1.54934,
2.24875,
1.57712,
1.58875,
2.76337,
1.33764,
1.29966,
1.25772,
1.91356,
1.63908,
1.63616,
1.5842,
1.141,
1.03534,
5.4969,
1.98368,
1.61053,
2.61727,
1.19365,
1.12894,
1.69037,
2.17978,
4.38326,
1.51242,
2.5466,
2.29284,
0.994128,
1.09395,
1.4202,
1.58198,
1.77263,
2.50254,
1.15522,
1.22224,
1.11252,
2.01467,
1.08223,
1.06964,
1.71394,
1.63461,
1.85674,
1.82448,
1.18201,
3.10724,
1.67587,
1.14796,
1.12205,
2.13706,
1.56944,
1.81203,
0.839937,
0.744749,
0.616122,
0.928505,
0.898061,
0.648705,
0.315481,
1.40512,
0.841394,
1.17858,
1.09163,
0.881153,
0.823549,
1.56029,
1.13921,
1.71247,
1.74184,
2.00143,
2.14868,
2.13746,
1.20363,
1.30784,
1.07132,
0.80643,
1.29777,
1.28001,
0.705883,
0.715205,
0.84694,
1.13351,
1.122,
0.806237,
0.616148,
1.35579,
1.30666,
0.46158,
0.509493,
0.672778,
1.09429,
1.0189,
1.60895,
1.69735,
1.16577,
1.21774,
1.564,
1.67878,
2.70662,
2.48676,
2.3874,
1.82348,
3.22505,
2.13985,
2.86535,
2.07119,
2.33928,
1.04213,
0.976998,
0.495887,
0.476403,
1.49681,
1.28952,
0.898047,
0.845392,
1.08047,
0.979254,
1.66535,
1.15198,
1.9622,
0.854521,
1.70918,
1.65444,
2.82925,
2.60017,
1.75226,
1.75886,
5.4402,
1.05141,
1.67419,
1.52213,
2.13661,
1.13292,
1.04432,
1.36616,
1.05567,
1.2497,
1.2177,
1.43114,
1.23496,
1.37193,
1.40813,
1.15952,
1.08317,
1.10139,
0.809491,
0.779334,
1.48234,
1.32614,
1.29773,
1.51572,
2.04598,
0.75725,
0.787279,
0.732571,
0.558915,
0.626111,
0.934593,
0.969178,
0.318021,
0.234643,
0.432724,
0.355436,
0.307512,
0.252097,
0.478686,
0.451043,
0.605217,
0.307066,
0.867646,
0.726315,
0.621333,
0.598424,
0.543694,
0.388367,
0.346457,
0.683743,
0.62371,
0.62732,
0.636333,
0.55617,
0.349651,
0.330038,
1.01863,
0.51247,
0.527648,
0.275662,
0.22058,
0.398421,
0.385526,
0.582098,
0.522934,
0.649131,
0.677984,
0.621674,
1.50875,
1.24567,
0.903721,
0.876985,
1.14398,
1.12448,
0.392842,
0.317346,
0.87727,
0.844548,
0.649971,
0.503786,
0.627114,
0.623733,
0.522049,
0.41977,
0.982685,
0.935691,
1.59119,
1.55693,
1.14881,
1.10945,
0.995424,
1.04062,
1.04822,
1.42897,
1.35632,
0.886643,
1.2624,
1.22378,
0.852376,
0.828566,
1.25694,
1.23395,
1.09466,
1.0901,
1.33858,
0.53162,
1.1255,
1.04871,
1.18186,
0.993551,
0.944652,
0.869119,
4.2501,
0.560966,
0.903451,
1.08523,
2.08891,
1.45085,
2.19302,
1.81853,
1.94583,
2.55553,
1.57577,
0.90046,
1.06255,
1.2574,
1.15548,
1.04796,
4.8596,
2.47507,
2.05199,
2.04401,
4.11554,
2.01888,
1.76252,
1.23007,
1.52077,
1.27791,
1.12166,
1.22184,
1.10754,
1.04666,
0.708579,
0.709881,
0.622133,
1.32113,
1.13412,
1.23563,
4.30994,
4.30866,
1.54785,
1.97672,
1.85637,
1.40745,
0.906389,
1.34486,
1.31896,
1.29436,
1.20832,
1.35264,
1.00869,
1.81263,
2.56836,
1.33432,
0.839824,
1.44529,
1.31255,
1.4235,
1.55541,
1.35329,
1.5282,
1.42901,
0.913634,
0.752349,
1.07365,
1.04643,
1.75455,
1.80383,
1.76114,
1.07592,
1.22068,
1.22404,
1.35707,
1.38623,
0.680517,
0.589149,
0.499438,
0.761373,
0.705401,
0.566837,
0.505096,
0.753194,
0.67762,
0.997985,
0.896024,
0.99774,
0.756119,
0.717194,
0.741517,
0.617336,
1.11306,
1.00264,
1.17796,
0.958087,
1.06506,
1.04558,
0.737718,
0.650723,
0.668474,
0.646877,
0.6476,
0.560097,
1.12175,
1.22859,
0.534757,
0.526601,
1.22649,
1.18029,
0.913547,
0.983795,
0.739347,
0.802313,
1.31988,
1.11941,
0.668549,
0.511244,
0.422647,
0.353607,
1.28016,
0.922046,
0.68864,
0.632277,
0.523717,
0.460415,
0.516824,
1.2132,
1.05635,
0.966573,
0.842265,
1.05454,
0.626732,
0.636995,
0.498625,
0.744347,
0.656679,
0.51189,
0.489115,
0.705714,
0.566174,
0.731936,
0.632628,
0.546787,
0.50593,
0.481537,
0.800646,
0.723835,
0.411519,
0.634006,
0.606336,
0.611651,
0.660325,
0.580438,
0.519809,
0.44603,
1.67748,
1.49839,
0.728454,
0.673118,
1.11522,
0.896758,
2.5727,
1.06594,
1.44518,
1.83592,
2.76828,
6.5119,
4.29732,
1.31647,
3.16775,
2.48412,
2.39084,
2.17381,
2.07922,
2.07059,
1.823,
1.8261,
1.63447,
2.87482,
1.27405,
1.45618,
1.3569,
0.945632,
1.05308,
5.56283,
1.78051,
1.54552,
1.65608,
32.8781,
4.14033,
1.93033,
1.40421,
1.82128,
2.84067,
1.63915,
1.49638,
1.93698,
1.60314,
1.49524,
2.1246,
1.41796,
1.85645,
1.63772,
1.41177,
1.28238,
0.943217,
1.41833,
1.39922,
1.41561,
1.33133,
1.02925,
1.36454,
1.35033,
0.810414,
0.712251,
1.38509,
1.21849,
0.813829,
0.684205,
1.00472,
0.867282,
0.348096,
0.286783,
0.808851,
0.356248,
1.73598,
1.70187,
0.983671,
0.960182,
0.938149,
0.826293,
0.756269,
0.71821,
0.629601,
0.902864,
0.714091,
0.677977,
1.03965,
0.933333,
1.05872,
1.02598,
1.15802,
1.08796,
1.24046,
0.963886,
0.622585,
0.507118,
8.50518,
1.195,
1.44755,
1.28925,
1.66219,
1.08936,
0.902234,
1.00833,
0.910325,
0.810125,
0.814633,
0.744082,
0.886456,
0.78245,
1.04452,
2.01684,
2.03794,
1.29538,
1.14877,
2.2823,
3.84608,
1.77268,
4.32104,
0.83122,
1.36068,
1.53587,
2.30876,
1.71421,
1.4453,
1.48929,
2.77819,
1.3971,
1.48571,
0.951582,
0.864289,
1.26443,
1.17651,
1.85377,
2.33642,
2.01457,
1.93775,
1.60264,
1.57846,
1.63366,
1.68286,
0.924664,
0.749867,
2.18807,
1.22703,
1.20015,
1.56347,
1.51194,
1.25811,
1.16061,
1.22329,
1.16461,
1.00631,
0.889034,
1.44528,
1.35601,
1.8592,
2.54932,
0.910599,
1.4406,
1.33972,
1.43452,
1.2695,
2.20403,
2.0499,
1.85054,
0.890588,
0.786872,
0.580491,
0.499074,
0.769272,
0.729915,
1.04487,
0.94827,
0.909583,
0.62911,
0.583525,
0.487387,
0.394804,
0.777611,
0.739845,
0.670949,
1.06427,
0.817902,
0.746866,
0.780262,
0.738468,
0.711469,
0.716999,
0.808312,
0.644663,
0.526035,
0.537321,
0.151499,
0.136839,
0.554395,
0.532878,
0.369886,
0.33008,
0.264773,
0.21106,
0.376523,
0.723871,
0.66992,
0.712224,
0.883054,
1.3608,
0.820015,
0.726518,
1.52771,
1.8842,
2.43027,
2.26185,
7.34848,
1.55656,
1.44635,
19.535,
2.34642,
9.37394,
1.75056,
10.6967,
9.60661,
1.61075,
5.63252,
2.5153,
2.42228,
12.973,
2.97093,
9.12637,
10.5854,
2.93029,
6.16723,
15.4916,
5.26771,
4.04344,
2.6206,
10.7364,
27.6089,
37.9934,
36.8684,
25.8025,
26.2521,
2.45921,
34.3531,
2.8861,
16.3959,
2.49155,
8.06603,
1.95115,
1.89744,
32.7508,
9.32204,
23.5078,
8.09819,
2.46315,
42.6667,
4.93993,
58.048,
61.4983,
4.52989,
3.31791,
2.26097,
31.5931,
26.0118,
47.5486,
3.99165,
25.6584,
6.12371,
3.65515,
1.07951,
1.03063,
1.48639,
1.41276,
1.70906,
1.595,
2.77369,
2.48563,
1.48023,
1.35503,
1.14993,
1.07404,
2.12697,
6.46676,
1.59164,
1.81436,
1.46735,
2.27874,
1.25222,
1.66333,
1.62425,
1.22088,
1.34691,
0.838681,
0.902442,
1.97159,
7.03869,
0.8232,
0.777372,
1.7912,
1.62262,
1.44172,
0.811885,
0.710924,
1.33606,
1.06694,
1.25958,
0.997656,
0.840377,
0.722024,
0.698294,
0.659909,
1.34516,
0.708756,
0.659015,
2.15626,
1.50133,
2.09678,
2.02285,
1.23423,
1.18716,
1.57966,
1.2024,
1.26698,
1.1615,
1.38142,
2.10802,
1.75889,
3.04264,
2.98432,
4.75108,
1.45352,
5.05159,
2.85798,
1.81141,
1.67687,
1.74589,
0.974793,
1.77701,
1.4582,
1.30301,
1.28944,
1.13106,
1.72541,
1.87357,
1.82034,
1.48241,
10.7557,
1.23756,
1.67045,
1.76502,
1.74108,
1.52033,
1.24782,
1.41117,
1.00071,
1.48054,
1.4288,
1.53965,
1.37159,
1.43784,
1.35706,
1.06107,
1.61732,
1.79232,
1.67179,
0.933322,
0.861901,
1.60653,
1.23103,
1.14379,
1.00805,
1.04369,
1.1722,
1.00685,
0.760041,
0.663947,
1.47359,
1.3382,
1.28105,
0.788556,
1.63046,
1.57886,
0.617825,
0.604206,
2.33035,
1.56591,
1.1845,
1.17198,
1.19028,
1.20212,
1.68635,
2.95443,
1.99975,
1.8808,
1.42929,
1.35921,
3.08343,
3.38948,
14.7123,
48.8929,
2.1481,
16.8535,
9.8341,
4.99229,
3.64678,
27.4418,
7.56942,
5.02271,
13.3134,
4.33436,
2.39892,
14.5523,
6.2892,
2.30017,
8.82073,
1.51706,
1.44529,
1.35365,
2.98517,
7.09879,
8.17411,
9.98754,
2.95402,
8.16332,
2.78137,
2.1737,
1.11191,
0.956464,
0.891726,
2.93147,
1.15127,
3.64955,
2.62262,
4.15237,
4.26511,
1.73841,
7.50524,
10.8801,
6.53792,
5.30951,
3.64648,
4.70268,
2.25606,
1.62176,
2.0201,
1.55349,
2.50593,
1.7958,
1.17318,
1.06855,
1.2632,
1.1411,
1.268,
1.17957,
2.04783,
1.98109,
1.81541,
2.52151,
1.74382,
2.60175,
5.7556,
1.77797,
10.2082,
1.21893,
1.22808,
1.1587,
1.02531,
0.949198,
0.851521,
1.4544,
1.0165,
1.4302,
1.3179,
1.39247,
1.31954,
1.93517,
1.83102,
1.93865,
1.90336,
1.3463,
1.21259,
2.89713,
12.0179,
1.43803,
1.68619,
1.64288,
1.48398,
0.869768,
2.4071,
1.5964,
1.5472,
1.33786,
1.31546,
1.60798,
1.97343,
1.96661,
2.88911,
1.27532,
0.709218,
0.59645,
1.52938,
1.55708,
1.67244,
1.6609,
1.31651,
1.69962,
1.62253,
0.655709,
0.619868,
1.4121,
1.54253,
1.41075,
4.44019,
1.65161,
1.52878,
1.51012,
1.66511,
1.6699,
14.4717,
2.54916,
2.41953,
2.54182,
8.32835,
2.31045,
2.50048,
4.46366,
2.02764,
1.95906,
9.6731,
7.6434,
6.3302,
1.48927,
1.40663,
26.4982,
1.61423,
2.31944,
1.53499,
1.51197,
1.23025,
1.23678,
1.88251,
1.54923,
1.51064,
2.29336,
1.97177,
1.81269,
8.97225,
19.8347,
17.8345,
2.34637,
6.62114,
1.93404,
18.7609,
2.05101,
9.31222,
2.2682,
11.431,
1.91334,
7.5293,
16.2285,
3.43311,
1.13693,
1.20064,
1.78677,
2.6993,
5.11471,
2.67565,
1.53638,
1.22177,
2.19152,
2.06888,
2.94836,
1.15457,
1.25799,
0.893653,
1.04111,
0.927483,
2.10227,
2.08757,
2.56852,
0.752732,
0.822029,
0.706092,
1.00122,
1.40514,
1.21186,
1.11079,
1.58515,
1.08112,
0.677738,
1.85871,
5.90919,
1.38845,
1.25541,
0.962438,
0.998428,
1.33177,
1.26226,
1.71908,
1.59249,
1.74684,
1.66287,
1.19178,
0.723107,
1.11068,
0.733928,
0.954756,
0.867127,
1.93176,
1.73562,
1.45028,
1.07426,
0.934837,
0.910024,
0.846847,
1.64624,
1.54642,
8.85703,
1.97363,
1.6958,
1.65808,
1.58315,
1.0511,
0.878896,
1.70482,
1.71829,
0.78553,
0.915621,
4.44779,
1.3657,
0.845514,
1.04665,
1.12071,
0.806276,
0.928906,
0.845698,
1.37204,
0.869479,
2.03129,
1.31002,
1.05378,
0.776712,
1.04359,
0.747011,
0.656529,
0.652241,
1.19344,
2.44249,
1.86635,
1.30229,
1.06349,
0.795598,
0.870623,
0.816408,
0.578083,
0.516984,
1.23946,
1.19969,
1.33258,
1.30422,
1.27617,
5.04882,
1.21613,
1.00142,
0.91691,
0.90309,
0.913908,
1.43854,
1.03561,
1.60637,
1.33552,
0.953677,
0.808107,
1.06459,
1.01917,
1.24089,
1.37289,
0.927897,
0.907763,
1.04123,
1.0701,
1.06105,
0.543462,
0.484292,
1.03863,
0.930101,
0.666483,
0.87755,
0.762361,
0.603556,
0.698677,
0.72391,
1.28885,
1.19852,
0.899946,
0.975776,
0.992494,
1.0236,
0.997305,
1.9555,
1.41226,
1.63714,
1.59378,
1.1878,
1.20891,
1.91476,
1.8946,
0.76612,
1.87838,
1.07267,
1.66018,
1.57498,
1.53146,
1.16583,
1.24498,
1.19516,
1.69326,
1.4774,
1.8017,
5.70357,
1.12002,
1.2073,
1.31349,
1.86147,
1.76958,
1.73674,
1.68162,
2.31563,
2.17505,
2.01092,
2.14986,
2.05359,
2.47161,
27.7766,
1.52103,
8.38748,
2.28735,
8.285,
1.71278,
8.49472,
5.59813,
2.62267,
2.33191,
2.67497,
2.49742,
3.8011,
4.58885,
1.82516,
1.80025,
2.76369,
2.34596,
1.7752,
1.56294,
0.91193,
6.10667,
0.869064,
1.36678,
0.942006,
0.963513,
0.788554,
0.767636,
1.10936,
1.05101,
0.844701,
0.760685,
1.09353,
1.08544,
0.993755,
1.16528,
0.959495,
0.910455,
0.712317,
0.66615,
0.609342,
0.560225,
1.06794,
1.77778,
1.46149,
1.62566,
1.0066,
0.979956,
0.583455,
0.544839,
0.996987,
0.967829,
0.36853,
0.777965,
0.677989,
0.938011,
0.696784,
0.366659,
0.332217,
0.439024,
0.256081,
0.229423,
0.090257,
0.079365,
0.453847,
0.413331,
0.244129,
0.19181,
0.431569,
0.813504,
0.653124,
1.30599,
0.629862,
1.58335,
1.68771,
0.790287,
0.820479,
1.45401,
1.30126,
1.33544,
1.90549,
2.2999,
2.62261,
1.09393,
1.17293,
1.71236,
11.369,
1.14926,
1.06171,
1.66003,
1.99601,
1.1332,
1.06213,
2.42758,
2.18146,
0.942208,
1.09326,
1.06237,
1.51056,
1.52812,
2.26387,
2.19122,
13.1602,
1.88975,
4.14327,
22.4162,
29.4901,
48.6603,
5.09469,
67.7466,
20.0377,
17.2581,
13.6929,
40.2029,
16.8293,
44.899,
50.6771,
2.72931,
2.78432,
3.18047,
2.31643,
2.00181,
7.19216,
1.45074,
1.32403,
2.27568,
1.58373,
1.60774,
2.2787,
2.1005,
1.58456,
1.46292,
1.80542,
2.0017,
19.2185,
6.57013,
16.5913,
2.30461,
1.86776,
1.74238,
1.03633,
1.48945,
1.27167,
1.1352,
1.72609,
1.8164,
1.68993,
1.73069,
17.4587,
1.82452,
1.32936,
1.18336,
1.09907,
1.50717,
1.69589,
1.69933,
1.18328,
1.13608,
0.823468,
0.31711,
0.346339,
0.803056,
1.59186,
1.49141,
2.00312,
1.32255,
1.39599,
1.29828,
2.19539,
2.05263,
1.95763,
1.8209,
5.74931,
3.93007,
1.4903,
6.371,
13.7299,
1.72707,
1.08096,
1.26692,
1.25417,
0.962327,
0.809961,
1.39641,
2.1999,
2.11787,
10.2937,
2.58521,
12.765,
30.5936,
9.4419,
47.7747,
47.9192,
36.3756,
27.2788,
5.95976,
33.0893,
4.69538,
14.5005,
2.24244,
1.12631,
1.02187,
0.69497,
0.779737,
0.557944,
0.413893,
0.701401,
0.978539,
0.461391,
0.435221,
0.632382,
0.655264,
0.65007,
0.713008,
0.671246,
0.301317,
0.280617,
0.326517,
0.295136,
0.427205,
0.424499,
0.095034,
0.081378,
0.073705,
0.067881,
0.123685,
0.419194,
0.42264,
0.391921,
0.385419,
0.411835,
0.381686,
0.314276,
0.319867,
0.592552,
0.563459,
0.916859,
0.846434,
1.27884,
0.999718,
1.01203,
0.852798,
0.52397,
0.425894,
0.570879,
0.344743,
0.31948,
0.33672,
0.378181,
0.215558,
0.210562,
0.2611,
0.242382,
0.233392,
0.229669,
0.114749,
0.104494,
0.100439,
0.088311,
0.155732,
0.132993,
0.262996,
0.197665,
0.584423,
0.58454,
0.759955,
0.669396,
4.08064,
0.988212,
11.1475,
12.9832,
2.72111,
10.1821,
33.5879,
47.4873,
20.7397,
27.7619,
22.2119,
1.73137,
13.8942,
2.35771,
2.55305,
1.34181,
1.39725,
1.87523,
1.7646,
1.722,
1.58018,
1.32723,
1.33405,
1.96372,
1.10426,
0.992683,
0.947237,
0.850155,
1.1156,
0.892715,
1.27574,
1.18673,
1.12363,
0.81981,
1.68195,
6.34483,
8.20589,
3.94227,
8.19856,
11.6774,
2.25056,
2.05424,
2.54084,
1.30748,
2.15948,
2.98853,
1.88182,
2.57297,
4.96456,
2.92925,
1.64628,
1.71223,
1.89576,
1.74677,
2.24749,
5.88072,
1.84511,
1.56028,
1.25741,
1.3775,
1.11195,
0.937912,
3.14691,
14.1631,
2.52821,
1.66838,
2.56557,
0.845439,
3.6335,
1.3788,
1.20505,
1.11047,
1.32202,
1.48569,
1.24138,
0.966098,
1.65964,
1.83594,
1.39625,
0.963319,
0.550777,
1.23544,
1.01993,
2.03228,
1.68869,
1.43799,
1.39274,
1.37379,
1.12029,
1.45978,
1.41473,
0.731194,
0.720991,
0.562122,
0.844803,
2.0721,
1.97766,
0.803636,
0.66576,
0.948578,
0.866063,
1.36808,
1.02673,
0.971389,
1.13486,
1.21864,
1.54469,
1.41667,
1.68962,
1.15532,
1.08416,
0.591702,
0.465652,
1.23696,
1.48688,
1.25574,
1.62366,
1.38298,
1.53233,
0.983481,
0.936245,
1.10159,
1.49576,
1.01641,
1.06244,
0.585968,
0.515689,
1.15229,
0.649089,
0.601702,
1.24037,
0.684029,
1.14824,
0.556967,
0.750599,
0.98505,
0.904108,
0.966345,
0.871605,
0.629404,
0.608068,
0.965556,
0.938164,
0.624767,
0.517987,
0.845619,
0.835186,
0.547335,
0.510571,
0.820498,
0.672703,
0.636162,
0.635928,
0.516751,
1.07772,
1.11145,
0.713459,
0.668258,
1.32594,
1.52678,
1.41793,
0.562804,
0.954466,
0.877449,
0.602237,
0.540038,
0.954591,
0.831889,
0.75372,
0.692075,
0.434257,
0.369814,
0.900747,
0.877342,
0.941471,
0.895042,
0.573351,
0.509117,
0.905577,
0.842663,
0.697344,
0.612569,
0.636464,
0.524992,
0.645326,
0.629641,
0.701992,
0.609688,
0.649181,
0.594208,
1.01697,
1.12767,
0.554043,
0.501026,
0.7123,
0.597161,
0.597671,
0.871117,
1.20174,
0.740218,
0.846366,
1.21407,
1.19902,
0.706795,
1.18713,
0.885286,
0.738517,
1.23654,
0.985422,
0.781441,
0.680429,
1.70394,
1.32023,
1.34686,
0.680714,
0.635825,
0.908649,
1.11559,
1.02038,
1.45023,
1.30617,
1.09822,
0.998848,
1.10011,
1.09344,
1.12725,
1.06643,
0.817045,
0.777783,
1.22698,
1.18904,
1.71915,
1.08109,
1.62117,
1.44487,
1.34802,
1.35816,
1.15881,
1.18192,
0.528113,
0.590682,
1.21511,
1.18181,
1.42603,
1.33322,
1.97522,
1.78765,
1.90048,
1.2621,
2.19656,
1.65537,
1.92636,
1.8795,
0.917435,
0.781346,
1.29635,
1.26609,
1.32167,
1.40133,
2.65943,
1.81909,
1.78709,
1.5881,
1.56121,
2.05782,
1.81265,
2.31722,
1.07552,
0.847084,
0.924621,
0.980963,
0.902259,
1.23411,
1.05718,
1.92863,
1.06675,
1.16693,
1.14823,
1.07365,
0.934235,
0.711813,
1.6498,
1.61323,
0.80655,
0.804173,
1.74589,
1.6103,
1.02153,
0.883255,
1.244,
1.15246,
1.40304,
1.18831,
1.46847,
1.47424,
1.40775,
1.81187,
1.3672,
1.52975,
5.24751,
1.55683,
2.084,
5.99362,
2.31759,
2.54007,
2.38755,
3.05393,
9.69322,
2.07615,
1.60525,
1.40014,
1.3907,
0.922268,
0.798857,
0.973745,
0.877538,
1.31627,
1.25335,
1.30905,
1.47469,
1.39633,
1.53557,
1.39379,
1.31885,
1.82202,
1.63112,
2.23392,
2.35853,
1.88662,
2.03164,
1.91507,
2.71673,
3.50338,
2.1045,
1.80902,
2.884,
1.38341,
1.35183,
1.34398,
1.47976,
1.33122,
1.00467,
0.966035,
1.07503,
0.984314,
0.993491,
0.869485,
0.877177,
0.729061,
0.702669,
0.565106,
3.77894,
1.39031,
3.02909,
3.93406,
1.588,
1.47363,
1.10902,
1.3114,
2.25822,
10.2129,
2.488,
2.3989,
3.39185,
2.86049,
2.11987,
0.948634,
4.1002,
1.63022,
4.30509,
0.987596,
6.79153,
1.01152,
0.93339,
1.08562,
0.996154,
0.795525,
0.783197,
1.43903,
0.774251,
1.57092,
1.75937,
1.69285,
2.467,
2.18406,
2.12039,
1.13045,
1.02423,
2.07383,
2.00319,
0.945809,
1.84976,
1.7598,
1.54589,
1.57602,
1.293,
1.00109,
2.06961,
1.40098,
1.35949,
1.30525,
1.06043,
0.956376,
1.95853,
1.8878,
1.202,
1.13262,
0.727239,
0.888961,
1.31723,
1.24606,
0.943418,
0.748095,
1.40792,
1.44183,
1.53279,
1.58172,
1.44125,
0.948685,
0.717851,
1.12437,
1.05154,
1.15802,
1.00251,
1.63096,
1.51275,
1.29722,
1.17348,
0.937728,
0.811536,
1.14882,
1.09108,
0.62771,
0.804712,
0.795944,
1.34317,
0.92223,
0.930052,
1.07744,
0.709326,
0.608423,
0.569139,
0.836423,
0.44778,
0.340106,
0.739837,
0.592728,
0.352522,
1.24079,
1.24784,
0.924478,
0.95315,
0.266711,
0.241957,
0.381181,
0.316734,
0.573569,
0.570271,
0.190053,
0.168873,
0.408333,
0.43291,
0.362579,
0.345541,
0.156828,
0.137126,
0.278601,
0.266501,
0.337713,
0.272321,
0.469239,
0.456317,
0.79366,
0.781028,
0.574168,
0.462365,
0.658829,
0.743306,
0.283499,
0.281585,
0.179011,
0.15731,
0.425733,
0.373984,
0.299744,
0.290244,
0.363148,
0.347496,
0.452629,
0.344033,
0.488854,
0.379342,
0.393618,
0.448872,
0.797922,
0.364394,
1.026,
0.481364,
0.924097,
0.923141,
2.0092,
0.855364,
0.974459,
0.826933,
0.889497,
0.754233,
0.189146,
0.868245,
0.33616,
0.135915,
0.585792,
0.650789,
0.527481,
0.483596,
0.478796,
0.450722,
0.422428,
0.430445,
0.932976,
0.740591,
0.408232,
0.47391,
0.741983,
0.629564,
0.37958,
0.360479,
0.353635,
0.394671,
0.337385,
0.291486,
0.269193,
0.521523,
0.308797,
0.213212,
0.188281,
0.390062,
0.537669,
0.576826,
0.483191,
0.247687,
0.491306,
0.503815,
0.162589,
0.14917,
0.296927,
0.265394,
0.660723,
0.724028,
0.64402,
0.348009,
0.77693,
0.754949,
0.83893,
0.825076,
0.797306,
0.547415,
0.56538,
0.348958,
0.33938,
0.457136,
0.42736,
0.286382,
0.256775,
0.246999,
0.197471,
0.514061,
0.351964,
0.266386,
0.697965,
0.545014,
0.507355,
0.692741,
0.616991,
0.302161,
0.27904,
0.864114,
0.837924,
0.590725,
0.532584,
0.687332,
0.609852,
0.284622,
0.231328,
0.41577,
0.338716,
0.287169,
0.207971,
0.229023,
0.202176,
0.265795,
0.370678,
0.481571,
0.273629,
0.262673,
0.213047,
0.365794,
0.366618,
0.363317,
0.229169,
0.488632,
0.543008,
0.208582,
0.191019,
0.10557,
0.090561,
0.506875,
0.072539,
0.083605,
0.091133,
0.075263,
0.284871,
0.233908,
0.337208,
0.322368,
0.375434,
0.359502,
0.592178,
0.481835,
0.229442,
0.219785,
0.122047,
0.100436,
0.201986,
0.182386,
0.10991,
0.135873,
0.714899,
0.622894,
0.402347,
0.364515,
0.401855,
0.343896,
0.317293,
0.338599,
0.246995,
0.887667,
0.822327,
0.817324,
0.948926,
0.754549,
0.773181,
0.596854,
0.541866,
0.493302,
0.453327,
0.423067,
0.321118,
0.310893,
0.535679,
0.545793,
0.54494,
0.633708,
0.543304,
0.722941,
0.649045,
0.641882,
0.582802,
0.518887,
0.532428,
0.537762,
0.548872,
0.522586,
0.502825,
0.968815,
0.897669,
0.732351,
0.716102,
0.438271,
0.438022,
0.293758,
0.243524,
0.398888,
0.396689,
0.397088,
0.364338,
0.358147,
0.406838,
0.527158,
0.489384,
0.499518,
0.484254,
0.285616,
0.233682,
0.550346,
0.449213,
0.436772,
0.18897,
0.143056,
0.397632,
0.428941,
0.361757,
0.378846,
2.9682,
0.483091,
0.578672,
0.542531,
0.750077,
0.724808,
0.360196,
0.278809,
0.378234,
0.312696,
0.94335,
0.88105,
1.22345,
0.978625,
0.943397,
0.413545,
0.39933,
0.69517,
0.676116,
0.494056,
0.588028,
0.570554,
0.617277,
0.686102,
0.681833,
0.656986,
0.302749,
0.262961,
0.657865,
0.607431,
0.435559,
0.410077,
0.593198,
0.736421,
0.465448,
0.432257,
0.456251,
0.416263,
0.376725,
0.315531,
0.640683,
0.589752,
0.605806,
0.615158,
0.355372,
0.3237,
0.278251,
0.273429,
0.537471,
0.47813,
1.15008,
1.19436,
0.407085,
0.382778,
0.227764,
0.231709,
0.381463,
0.380485,
0.498094,
0.490576,
0.347987,
0.329631,
0.535579,
0.518739,
0.681728,
0.672571,
0.262328,
0.223289,
0.360347,
0.349154,
0.410833,
0.215722,
0.169,
0.671383,
0.684242,
0.211389,
0.17374,
0.299509,
0.308326,
0.707835,
0.68778,
0.61485,
0.600931,
0.224443,
0.173285,
0.429914,
0.437091,
0.48543,
0.496697,
0.510158,
0.468026,
0.567228,
0.537903,
0.525545,
0.553802,
0.778878,
0.791521,
0.493854,
0.701319,
0.636582,
0.448613,
0.450082,
0.425756,
0.330862,
0.271192,
0.10313,
0.089565,
0.292391,
0.266024,
0.246277,
0.238165,
0.637364,
0.602672,
0.230111,
0.197737,
0.265967,
0.254041,
0.673704,
0.689484,
0.491407,
0.475098,
0.567175,
0.570971,
0.785982,
0.827545,
0.702624,
0.710713,
0.574429,
0.559701,
0.337231,
0.329525,
0.510761,
0.484034,
0.185038,
0.169267,
0.698424,
0.67172,
1.12567,
0.980048,
0.991197,
0.866449,
0.664731,
0.621821,
0.182418,
0.143441,
0.572257,
0.556715,
0.869901,
0.788911,
1.07791,
1.00756,
0.256879,
0.423006,
0.175149,
0.154506,
0.174401,
0.147966,
0.577786,
0.342917,
0.433845,
0.418588,
0.955075,
0.769249,
0.401382,
0.418571,
0.774173,
0.661221,
0.845064,
0.849713,
0.600884,
0.539958,
0.93929,
0.89864,
0.854617,
0.805063,
0.565592,
0.529883,
1.39852,
1.37703,
0.298166,
0.315969,
0.66087,
0.619572,
0.586471,
0.55482,
0.637235,
0.569092,
0.921484,
0.956289,
1.03504,
0.843106,
1.12573,
1.07098,
0.700924,
0.329736,
0.722502,
0.542696,
0.520117,
0.64929,
0.504211,
1.13648,
1.05917,
0.604101,
0.52931,
0.809368,
0.701459,
1.28073,
1.12107,
0.552339,
0.572154,
1.17501,
1.14536,
1.42542,
1.41093,
0.77561,
0.50385,
0.47429,
0.661411,
0.628053,
0.771496,
0.55357,
1.02648,
1.3668,
1.75435,
1.40638,
1.08494,
1.89305,
1.15195,
1.34623,
1.30644,
0.958108,
0.893306,
0.848955,
0.597543,
1.11323,
1.10231,
1.54364,
7.31013,
1.17271,
1.05017,
1.20756,
1.16445,
1.75585,
6.26411,
1.22962,
1.28534,
3.26719,
1.6364,
1.50428,
1.45469,
1.08716,
2.42759,
1.55949,
1.35521,
1.25335,
5.00899,
2.27756,
1.74872,
1.11562,
1.02929,
1.37063,
1.36069,
1.70272,
1.23927,
2.12979,
1.66353,
3.30647,
1.27072,
1.5635,
1.53081,
1.45027,
1.32693,
1.60798,
0.881521,
1.34823,
1.26382,
1.46006,
1.34164,
1.26098,
1.49044,
1.47892,
1.36497,
1.5435,
1.40432,
1.32127,
1.30929,
1.22622,
1.02358,
1.02723,
0.864281,
1.70001,
1.72565,
1.25337,
1.15231,
1.65119,
1.89044,
1.85811,
1.38806,
2.4263,
2.06591,
1.51323,
1.55167,
1.1265,
1.10813,
1.77056,
1.71974,
2.69796,
2.35068,
5.58643,
2.95878,
5.27334,
5.18512,
13.3735,
1.96451,
1.6412,
1.7454,
7.73944,
7.89637,
7.29102,
2.9695,
2.03213,
1.83112,
9.16318,
2.06791,
2.8815,
2.67414,
3.21137,
1.46544,
1.35189,
1.26688,
1.03904,
1.62405,
1.11771,
2.33167,
1.23596,
1.80962,
1.6279,
2.27015,
1.3647,
1.81098,
2.64923,
1.36655,
1.19605,
1.43647,
2.61359,
4.50405,
1.71299,
1.75351,
3.2155,
7.35644,
1.79837,
1.68303,
2.42423,
2.98361,
2.12307,
1.96114,
1.11022,
0.897815,
0.938763,
0.786098,
2.14542,
1.86814,
1.32696,
1.23999,
1.5075,
1.50799,
1.48673,
1.66442,
1.19324,
3.45984,
6.09612,
8.03861,
2.32126,
3.50455,
6.77968,
5.34454,
3.94677,
1.73783,
5.31449,
1.25358,
1.40318,
3.19341,
1.81946,
3.26124,
6.18352,
4.19518,
55.5012,
3.03752,
1.54546,
2.77237,
1.95363,
1.61786,
1.43198,
2.15763,
1.6387,
6.72816,
2.00747,
1.62738,
2.64542,
20.4007,
3.30391,
4.12982,
1.98651,
1.68859,
2.22809,
6.36984,
1.69357,
1.82433,
1.31384,
18.8158,
8.24003,
19.0179,
18.6817,
3.39737,
10.177,
10.5591,
2.21269,
14.4043,
12.8799,
14.5927,
11.3657,
13.7278,
3.77621,
33.1098,
2.50474,
1.88845,
9.16323,
39.8717,
51.098,
1.79387,
2.274,
2.03445,
2.03973,
1.85723,
2.17589,
1.33036,
1.90538,
2.31468,
2.87133,
37.1667,
32.8028,
12.4243,
33.4457,
14.218,
27.9857,
13.3963,
3.16876,
7.43451,
2.09717,
1.72599,
1.42269,
1.25744,
1.27055,
1.62647,
2.1218,
3.5137,
2.11021,
8.30187,
3.52501,
24.9281,
3.12767,
17.2536,
6.19101,
1.52912,
1.31362,
1.68765,
2.27436,
1.61749,
1.54963,
2.11056,
1.71487,
3.23684,
6.8261,
27.8947,
7.37046,
2.23351,
1.52924,
3.30568,
1.66014,
0.841231,
0.658004,
1.39417,
1.09368,
1.25888,
1.8909,
1.83206,
0.914775,
0.915248,
2.37176,
2.23964,
2.21515,
1.88218,
2.2065,
1.68566,
1.53703,
1.32204,
2.06845,
2.20296,
1.71928,
1.57704,
13.7292,
1.73024,
1.82582,
1.69948,
2.09167,
2.01263,
1.40524,
2.14032,
1.80286,
2.13634,
2.30142,
1.75026,
1.94172,
2.79337,
1.10002,
1.25686,
1.85922,
1.8054,
1.51316,
1.30996,
2.00312,
1.59715,
0.872374,
0.720844,
1.19197,
0.982817,
1.30977,
1.67379,
1.02094,
0.865777,
1.09119,
0.95536,
1.02098,
0.853769,
1.36795,
1.03913,
0.40583,
0.404738,
1.02064,
0.684554,
0.718458,
0.742161,
0.584873,
0.699586,
0.628896,
0.535377,
0.422488,
0.465134,
0.40854,
0.599215,
0.606422,
0.645271,
0.59858,
1.29921,
1.49896,
0.797314,
1.19389,
1.05332,
0.609667,
0.528815,
1.5022,
1.51718,
1.142,
0.970307,
0.906926,
0.775232,
0.591649,
1.28202,
1.34467,
1.58662,
1.58139,
2.15479,
1.49465,
1.61157,
1.99742,
1.75205,
1.08495,
1.19851,
0.974002,
0.883035,
1.01185,
0.916337,
1.11984,
1.01166,
1.32345,
0.926719,
1.74708,
1.46179,
2.45989,
2.28639,
4.97479,
1.94073,
1.98227,
0.955614,
0.729796,
0.9882,
0.781232,
0.820977,
1.03216,
0.791285,
0.666115,
1.0601,
0.946539,
0.974099,
0.778785,
1.26725,
1.28655,
1.07088,
0.950001,
1.89756,
1.3168,
1.31382,
1.51989,
2.30258,
2.03572,
1.43826,
1.77833,
0.826708,
0.765555,
4.55245,
0.992989,
0.525862,
0.393304,
0.67991,
0.527928,
0.923072,
0.713814,
0.616775,
0.584903,
0.740582,
0.637341,
0.693727,
0.664323,
0.995455,
0.869895,
1.07484,
1.07292,
0.882439,
0.778166,
0.743408,
0.677313,
0.507297,
0.438567,
0.709051,
0.493612,
0.657782,
0.548472,
0.421665,
0.522256,
0.482542,
0.441348,
0.814937,
0.517434,
1.68178,
1.72065,
0.748874,
0.643202,
1.06167,
0.99878,
0.817722,
0.765474,
0.909948,
0.757677,
0.806639,
1.29026,
0.826249,
0.763991,
0.40086,
0.352534,
0.916437,
1.38458,
1.20847,
0.969722,
1.15903,
0.772818,
0.387915,
0.342728,
0.644414,
0.544712,
1.04031,
1.02148,
0.726331,
0.543411,
0.655042,
0.737234,
1.25667,
1.25116,
1.09834,
1.19512,
1.09627,
0.919018,
0.74425,
0.431673,
1.65614,
1.2763,
0.561667,
0.499804,
0.770927,
1.04412,
1.234,
1.19661,
1.19392,
1.16439,
1.30271,
1.0718,
0.6595,
0.603042,
0.613596,
0.758375,
0.661285,
0.379357,
0.370066,
0.9377,
0.471378,
0.464781,
1.21915,
1.03899,
1.01816,
0.953829,
0.945318,
0.760802,
0.74581,
1.05449,
1.05502,
0.744522,
0.636191,
0.514471,
0.654956,
0.489733,
0.409101,
0.604957,
0.528825,
0.723781,
0.577383,
0.885428,
0.73176,
0.712995,
0.557665,
0.528661,
0.96644,
0.494632,
0.440935,
0.473362,
0.448444,
0.460664,
0.391757,
0.655802,
0.599366,
1.21219,
1.22425,
0.384305,
0.301878,
0.887411,
0.732472,
0.79016,
0.754016,
0.676393,
0.624662,
0.541236,
0.454247,
0.724985,
0.657138,
0.190795,
0.158311,
0.340536,
0.411086,
0.74217,
0.688804,
0.652329,
0.66365,
0.430249,
0.310776,
0.58933,
0.657059,
1.277,
1.19126,
0.788299,
0.801421,
0.527725,
0.489231,
0.801132,
1.02215,
0.460564,
0.426924,
0.35126,
0.328023,
0.308229,
0.312684,
0.697386,
0.708803,
0.404399,
0.427002,
0.424731,
0.406386,
0.887972,
0.770319,
0.478915,
0.459692,
0.288686,
0.274951,
0.501177,
0.482898,
0.402554,
0.386151,
0.131935,
0.121049,
0.073337,
0.058695,
0.180295,
0.166082,
0.397788,
0.375227,
0.25368,
0.245051,
0.538816,
0.519808,
0.33242,
0.321572,
0.658341,
0.61764,
0.419455,
0.774228,
0.599059,
0.554852,
0.509771,
0.52328,
0.190386,
0.156416,
0.132967,
0.107781,
0.153944,
0.141171,
0.282844,
0.282856,
0.370171,
0.363869,
0.396103,
0.382447,
0.337004,
0.247852,
0.240885,
0.233269,
0.208759,
0.385732,
0.380457,
0.876375,
0.855804,
0.381347,
0.374785,
0.202532,
0.327754,
0.319771,
0.554737,
0.540457,
0.192145,
0.17973,
0.195172,
0.178192,
0.533693,
0.305263,
0.288083,
0.085231,
0.074945,
0.257107,
0.253377,
0.200637,
0.193306,
0.217908,
0.20568,
0.106399,
0.106333,
0.331811,
0.320518,
0.123282,
0.100339,
0.132377,
0.122562,
0.065916,
0.053051,
0.281099,
0.269328,
0.090423,
0.078153,
0.218361,
0.22001,
0.212477,
0.261715,
0.257761,
0.098279,
0.090802,
0.572739,
0.65019,
0.211225,
0.20426,
0.140932,
0.118026,
0.106211,
0.117106,
0.200399,
0.18204,
0.343746,
0.332408,
0.268753,
0.248304,
0.716577,
0.68715,
0.422746,
0.371592,
0.478585,
0.485617,
0.611104,
0.594456,
0.233309,
0.217642,
0.141759,
0.123315,
0.277625,
0.289615,
0.255783,
0.253246,
0.2955,
0.332238,
0.275409,
1.54777,
1.45697,
0.56646,
0.548105,
0.602677,
0.579295,
0.096247,
0.084017,
0.807718,
0.85771,
0.900881,
0.873122,
1.11652,
1.13993,
0.670944,
0.633606,
0.642307,
0.572742,
0.832459,
0.877219,
0.940374,
0.921523,
0.65854,
0.670501,
0.341646,
0.325282,
0.756059,
0.73068,
0.787944,
0.733768,
0.264874,
0.312193,
0.280979,
0.703055,
0.620915,
0.367912,
0.328457,
0.867707,
0.808342,
0.702404,
0.632865,
0.412378,
0.385461,
0.822083,
0.814483,
0.766714,
0.621244,
0.89359,
0.868757,
1.09767,
0.941365,
0.517408,
0.459932,
0.620856,
0.650276,
0.702993,
0.242513,
0.202944,
0.492416,
0.478309,
0.179311,
0.158044,
0.632326,
0.242591,
0.254635,
0.259044,
0.281488,
0.312204,
0.321931,
0.300861,
0.47543,
0.459879,
0.519295,
0.491187,
0.912438,
0.686934,
0.857545,
0.323497,
0.382568,
0.341191,
0.303861,
0.624039,
0.590043,
0.632945,
0.687791,
0.192962,
0.169227,
0.65274,
0.925425,
0.536562,
0.549287,
0.485668,
0.781324,
0.783851,
0.845139,
0.80819,
0.698418,
0.616608,
0.597636,
0.417509,
0.741337,
0.65974,
0.467005,
0.512761,
1.11943,
1.07529,
0.911076,
0.758849,
0.712896,
1.00241,
0.936213,
0.958514,
0.866479,
0.903935,
0.828763,
0.422202,
0.321205,
0.80829,
0.764922,
0.614155,
0.545767,
1.06554,
0.929617,
1.61605,
1.56588,
0.641264,
0.535388,
0.652848,
0.545027,
0.719444,
0.684502,
0.50316,
0.470878,
0.581064,
0.524862,
0.817018,
0.830256,
1.26543,
1.23364,
0.543933,
0.48745,
0.803492,
0.753665,
0.669433,
0.609973,
1.64069,
1.37616,
1.30408,
0.740356,
0.673227,
1.17033,
1.08513,
0.734238,
0.806974,
1.37566,
1.26344,
1.22721,
1.09119,
1.29606,
1.93262,
1.89585,
1.59825,
2.49208,
2.51382,
1.08712,
0.899895,
1.41679,
1.50966,
0.924521,
0.866871,
0.661506,
1.4555,
1.22138,
1.09924,
1.19542,
0.847719,
0.812995,
1.06141,
1.13128,
0.889475,
1.47706,
1.2468,
0.672211,
0.791197,
0.720648,
0.647938,
0.608402,
0.681809,
0.627852,
0.334698,
0.975522,
0.765412,
0.48651,
0.402107,
0.546975,
0.913844,
0.800348,
0.765412,
0.818501,
0.667282,
1.18556,
0.572915,
1.75833,
1.57958,
0.736631,
0.660835,
1.15758,
1.07241,
0.894113,
1.0735,
0.652194,
1.12662,
1.07037,
0.894043,
0.828844,
0.998162,
0.912117,
0.988858,
0.955041,
1.16624,
1.07376,
0.693606,
0.42313,
0.346894,
0.592006,
0.740944,
0.622612,
1.34824,
1.28327,
1.59955,
0.802592,
0.667825,
0.559763,
0.484237,
0.505345,
0.450904,
0.671104,
0.631067,
0.606731,
0.325522,
0.676378,
0.504587,
0.451485,
0.291821,
0.299858,
0.807562,
0.250193,
0.235181,
0.314426,
0.079821,
0.081089,
0.309941,
0.320598,
0.29756,
0.105791,
0.09432,
0.307867,
0.300811,
0.253505,
0.243252,
0.32476,
0.321358,
0.136004,
0.117975,
0.152515,
0.131337,
0.097562,
0.082591,
0.151075,
0.129535,
0.369647,
0.281855,
0.536393,
0.871362,
0.414642,
0.356899,
0.451138,
0.434535,
0.417708,
0.400222,
0.253942,
0.217273,
0.537646,
0.502281,
0.617984,
0.637118,
0.38127,
0.360462,
0.661703,
0.502007,
0.496475,
0.34355,
0.332094,
0.876344,
0.828499,
0.849217,
0.775104,
0.807097,
0.756134,
1.09014,
0.509705,
0.639626,
0.580099,
0.560923,
0.60957,
0.541855,
2.33133,
2.24295,
1.65179,
1.76557,
1.19089,
1.05973,
1.0139,
0.670638,
0.876067,
0.939112,
1.02733,
0.771258,
0.95311,
0.901824,
1.70246,
1.6317,
2.77056,
2.12267,
1.982,
1.15056,
1.06658,
1.45337,
1.18573,
1.99934,
1.96986,
1.96174,
2.47446,
4.64722,
0.990277,
1.81738,
1.07777,
0.784633,
0.833951,
0.718103,
0.869849,
0.416067,
0.534224,
0.511867,
0.873914,
0.795477,
0.628615,
0.441913,
0.43952,
0.50201,
0.499164,
0.72139,
0.65378,
0.249742,
0.232364,
0.322421,
0.294564,
0.303584,
0.333364,
0.28451,
0.244216,
0.574327,
0.259966,
0.542392,
0.797574,
0.313135,
0.327847,
0.867842,
0.860428,
0.850063,
0.730188,
1.15086,
1.03824,
1.57961,
1.20816,
17.5793,
6.85346,
1.89813,
1.67648,
2.24926,
2.20933,
1.53622,
1.36701,
1.27856,
1.21074,
1.88438,
1.68092,
1.07981,
0.646617,
0.638421,
0.687226,
1.06092,
1.10791,
1.45787,
1.3946,
1.63966,
1.27304,
1.29806,
1.6759,
1.65877,
1.4458,
1.1858,
0.894242,
0.78572,
1.70097,
1.27688,
1.34308,
1.3216,
0.433718,
0.429505,
0.717048,
0.567396,
1.45606,
1.35488,
1.05093,
0.949105,
0.929381,
0.862496,
0.785997,
0.818832,
1.53554,
1.43881,
1.24076,
1.24356,
1.11764,
0.932526,
0.904932,
0.7682,
0.704059,
0.941489,
1.17268,
1.1339,
1.01939,
0.809409,
1.24475,
0.944355,
1.14402,
0.97551,
2.20908,
9.27701,
1.36181,
1.30447,
1.14998,
1.86811,
1.00508,
1.1921,
2.33639,
1.80571,
1.47124,
1.08331,
0.986913,
1.54328,
1.43418,
1.69617,
1.59404,
0.86115,
1.68882,
1.60606,
1.49476,
1.26474,
1.13885,
1.10912,
1.07804,
1.38047,
1.43489,
1.10073,
1.42561,
2.93877,
1.30291,
1.67393,
1.62278,
1.21492,
1.25229,
1.27825,
1.22123,
1.55848,
1.48483,
1.18054,
1.11221,
1.3574,
1.20067,
1.10771,
1.88284,
1.76263,
0.777603,
0.646959,
1.55705,
1.17989,
1.11668,
1.56481,
1.30085,
1.66534,
1.50881,
0.830664,
0.806827,
0.867066,
0.806278,
0.940003,
1.46719,
1.37453,
0.869778,
0.81346,
0.987374,
0.793866,
0.879958,
0.712328,
0.786818,
0.742008,
0.857259,
0.777994,
1.0898,
1.06471,
1.06331,
1.04849,
1.1989,
1.09507,
1.38549,
1.3712,
1.43348,
1.31197,
2.80057,
2.35801,
1.32789,
1.22324,
3.85002,
2.2326,
2.39744,
2.29774,
1.5884,
1.43926,
1.70301,
11.6882,
5.29639,
7.89443,
12.9402,
1.76715,
1.59613,
1.5515,
3.7949,
1.90768,
1.82997,
1.67416,
1.74544,
1.44531,
1.46955,
1.32879,
1.44483,
1.30358,
2.80219,
2.01471,
1.94093,
1.67208,
2.35945,
1.07984,
1.51989,
1.39293,
1.02089,
0.944697,
0.840051,
0.79115,
1.11296,
1.00818,
1.1906,
3.04722,
11.9562,
1.42072,
1.67567,
1.50374,
1.59066,
1.24071,
1.57224,
5.70971,
0.922441,
0.838294,
1.02003,
1.09601,
1.02883,
1.51587,
1.05793,
0.962829,
1.84744,
1.70383,
0.997797,
0.924379,
1.52788,
1.44934,
0.860472,
0.863509,
1.53105,
4.66612,
5.94646,
1.56813,
1.58017,
2.31668,
6.08672,
3.02697,
2.44218,
1.60173,
23.7569,
1.64668,
1.59498,
3.36037,
2.10943,
1.1801,
1.31057,
1.17195,
2.55586,
2.43323,
1.81087,
1.68905,
2.0939,
1.70141,
1.99878,
1.35762,
1.10996,
1.67019,
0.93601,
0.888584,
1.08049,
1.19049,
2.16149,
1.77942,
6.0278,
1.11402,
1.05354,
1.75031,
1.43778,
1.09805,
1.01003,
1.49768,
0.817675,
0.743856,
1.3939,
1.36076,
0.907448,
1.59425,
1.57196,
1.38033,
1.67667,
1.75031,
2.24012,
10.2038,
1.63102,
1.44975,
1.79206,
1.61471,
1.55817,
1.36856,
1.05668,
1.48223,
1.36699,
2.10636,
1.35196,
2.47635,
6.53326,
1.08258,
1.2227,
2.13595,
1.95545,
2.09595,
1.98482,
2.59368,
1.7045,
1.58969,
1.904,
1.60626,
1.16884,
1.05622,
2.23803,
1.82097,
1.37376,
1.14317,
1.25004,
1.20019,
1.0697,
1.09445,
1.06546,
1.35972,
1.202,
1.39677,
1.30863,
1.34416,
2.62477,
1.36729,
1.31865,
1.18616,
1.77178,
1.70945,
1.70829,
1.94116,
1.27449,
1.28295,
1.11221,
1.89885,
1.28656,
1.04135,
0.904109,
1.22987,
1.41945,
1.04412,
1.15189,
1.74242,
2.24726,
1.29781,
1.87192,
1.09716,
1.65573,
0.945986,
0.945431,
1.96523,
1.11232,
0.94961,
0.925959,
0.957158,
2.4474,
2.47794,
2.65457,
1.79303,
2.11785,
1.99909,
1.48821,
1.34633,
2.12609,
1.65709,
1.00418,
0.883611,
1.27129,
1.32074,
1.22368,
1.19817,
2.43597,
1.52137,
0.964402,
0.855426,
1.15263,
1.63203,
1.07428,
0.990405,
0.987175,
1.27111,
1.07563,
1.30151,
0.442417,
0.398501,
1.14209,
1.1038,
1.53152,
1.95264,
0.751915,
0.669188,
1.87003,
1.57664,
1.56653,
1.59136,
1.5699,
1.84905,
1.74941,
0.96168,
0.91349,
1.15232,
0.969429,
0.897486,
1.14765,
1.11711,
1.96928,
2.0235,
1.87491,
1.81313,
1.1547,
1.05567,
1.84899,
1.36705,
1.26954,
0.907121,
0.835932,
1.21369,
1.08023,
0.992713,
1.22582,
0.836232,
0.723277,
1.51212,
1.41476,
1.54093,
1.64277,
0.911801,
0.845491,
0.737863,
0.657675,
1.39214,
1.51903,
0.904896,
0.814879,
0.855736,
0.797751,
1.11415,
1.28935,
0.884003,
0.822261,
1.27204,
1.24133,
1.02612,
1.34361,
0.745843,
0.6506,
5.1951,
0.927633,
0.816023,
0.879287,
0.643697,
0.580297,
1.68877,
1.64237,
0.846648,
0.798179,
1.05543,
0.954303,
0.940986,
0.836995,
3.7294,
1.02795,
0.473011,
0.435272,
1.42496,
1.41667,
1.37288,
1.40104,
0.815789,
0.635888,
0.848315,
0.695889,
0.68297,
0.765821,
0.625935,
0.803277,
0.392584,
0.348837,
0.688454,
0.748532,
0.509488,
0.450937,
0.812218,
0.808268,
0.690625,
0.559849,
0.644113,
0.681559,
0.934361,
0.894137,
1.50982,
1.2696,
0.897264,
0.822698,
0.803052,
0.901747,
0.781373,
1.45519,
1.54257,
0.975546,
1.0003,
1.62455,
1.3731,
1.50124,
1.3487,
1.16908,
1.05219,
1.78666,
1.45046,
0.913639,
0.760562,
0.672579,
0.87591,
7.13019,
1.61114,
1.65494,
1.03608,
0.985224,
1.98133,
2.00718,
0.638641,
0.623605,
1.2264,
1.13375,
1.06899,
0.855829,
1.46504,
10.0061,
1.9393,
1.61496,
0.972914,
1.17638,
2.11378,
10.3424,
1.43094,
1.24664,
1.20447,
0.735209,
0.635243,
0.564108,
0.733308,
0.67377,
0.610798,
1.24006,
1.32931,
0.788459,
0.749298,
